<?xml version="1.0" encoding="UTF-8"?>
<testsuite xmlns:xsi="http://www.w3.org/2001/XMLSchema-instance" xsi:noNamespaceSchemaLocation="https://maven.apache.org/surefire/maven-surefire-plugin/xsd/surefire-test-report.xsd" name="uta.cse3310.IntegrationTest" time="0.001" tests="2" errors="0" skipped="0" failures="0">
  <properties>
    <property name="java.specification.version" value="21"/>
    <property name="sun.jnu.encoding" value="UTF-8"/>
    <property name="java.class.path" value="/Users/vincent/Documents/UTA/2024 Spring/CSE 3310/cse3310_sp24_group_9/target/test-classes:/Users/vincent/Documents/UTA/2024 Spring/CSE 3310/cse3310_sp24_group_9/target/classes:/Users/vincent/.m2/repository/junit/junit/3.8.1/junit-3.8.1.jar:/Users/vincent/.m2/repository/com/google/code/gson/gson/2.9.1/gson-2.9.1.jar:/Users/vincent/.m2/repository/net/freeutils/jlhttp/2.6/jlhttp-2.6.jar:/Users/vincent/.m2/repository/org/java-websocket/Java-WebSocket/1.5.4/Java-WebSocket-1.5.4.jar:/Users/vincent/.m2/repository/org/slf4j/slf4j-api/2.0.6/slf4j-api-2.0.6.jar:"/>
    <property name="java.vm.vendor" value="Oracle Corporation"/>
    <property name="sun.arch.data.model" value="64"/>
    <property name="java.vendor.url" value="https://java.oracle.com/"/>
    <property name="os.name" value="Mac OS X"/>
    <property name="java.vm.specification.version" value="21"/>
    <property name="sun.java.launcher" value="SUN_STANDARD"/>
    <property name="user.country" value="US"/>
    <property name="sun.boot.library.path" value="/Users/vincent/Library/Java/JavaVirtualMachines/openjdk-21.0.1/Contents/Home/lib"/>
    <property name="sun.java.command" value="/Users/vincent/Documents/UTA/2024 Spring/CSE 3310/cse3310_sp24_group_9/target/surefire/surefirebooter9079912515272003022.jar /Users/vincent/Documents/UTA/2024 Spring/CSE 3310/cse3310_sp24_group_9/target/surefire 2024-03-08T11-19-26_387-jvmRun1 surefire472467367780221862tmp surefire_04388002677565853975tmp"/>
    <property name="http.nonProxyHosts" value="local|*.local|169.254/16|*.169.254/16"/>
    <property name="jdk.debug" value="release"/>
    <property name="surefire.test.class.path" value="/Users/vincent/Documents/UTA/2024 Spring/CSE 3310/cse3310_sp24_group_9/target/test-classes:/Users/vincent/Documents/UTA/2024 Spring/CSE 3310/cse3310_sp24_group_9/target/classes:/Users/vincent/.m2/repository/junit/junit/3.8.1/junit-3.8.1.jar:/Users/vincent/.m2/repository/com/google/code/gson/gson/2.9.1/gson-2.9.1.jar:/Users/vincent/.m2/repository/net/freeutils/jlhttp/2.6/jlhttp-2.6.jar:/Users/vincent/.m2/repository/org/java-websocket/Java-WebSocket/1.5.4/Java-WebSocket-1.5.4.jar:/Users/vincent/.m2/repository/org/slf4j/slf4j-api/2.0.6/slf4j-api-2.0.6.jar:"/>
    <property name="sun.cpu.endian" value="little"/>
    <property name="user.home" value="/Users/vincent"/>
    <property name="user.language" value="en"/>
    <property name="java.specification.vendor" value="Oracle Corporation"/>
    <property name="java.version.date" value="2023-10-17"/>
    <property name="java.home" value="/Users/vincent/Library/Java/JavaVirtualMachines/openjdk-21.0.1/Contents/Home"/>
    <property name="file.separator" value="/"/>
    <property name="basedir" value="/Users/vincent/Documents/UTA/2024 Spring/CSE 3310/cse3310_sp24_group_9"/>
    <property name="java.vm.compressedOopsMode" value="Zero based"/>
    <property name="line.separator" value="&#10;"/>
    <property name="java.vm.specification.vendor" value="Oracle Corporation"/>
    <property name="java.specification.name" value="Java Platform API Specification"/>
    <property name="apple.awt.application.name" value="ForkedBooter"/>
    <property name="surefire.real.class.path" value="/Users/vincent/Documents/UTA/2024 Spring/CSE 3310/cse3310_sp24_group_9/target/surefire/surefirebooter9079912515272003022.jar"/>
    <property name="sun.management.compiler" value="HotSpot 64-Bit Tiered Compilers"/>
    <property name="ftp.nonProxyHosts" value="local|*.local|169.254/16|*.169.254/16"/>
    <property name="java.runtime.version" value="21.0.1+12-29"/>
    <property name="user.name" value="vincent"/>
    <property name="stdout.encoding" value="UTF-8"/>
    <property name="path.separator" value=":"/>
    <property name="os.version" value="14.3.1"/>
    <property name="java.runtime.name" value="OpenJDK Runtime Environment"/>
    <property name="file.encoding" value="UTF-8"/>
    <property name="java.vm.name" value="OpenJDK 64-Bit Server VM"/>
    <property name="localRepository" value="/Users/vincent/.m2/repository"/>
    <property name="java.vendor.url.bug" value="https://bugreport.java.com/bugreport/"/>
    <property name="java.io.tmpdir" value="/var/folders/9s/72pdmgps25ggj6_b_n0rqrz40000gn/T/"/>
    <property name="java.version" value="21.0.1"/>
    <property name="user.dir" value="/Users/vincent/Documents/UTA/2024 Spring/CSE 3310/cse3310_sp24_group_9"/>
    <property name="os.arch" value="aarch64"/>
    <property name="java.vm.specification.name" value="Java Virtual Machine Specification"/>
    <property name="native.encoding" value="UTF-8"/>
    <property name="java.library.path" value="/Users/vincent/Library/Java/Extensions:/Library/Java/Extensions:/Network/Library/Java/Extensions:/System/Library/Java/Extensions:/usr/lib/java:."/>
    <property name="java.vm.info" value="mixed mode, sharing"/>
    <property name="stderr.encoding" value="UTF-8"/>
    <property name="java.vendor" value="Oracle Corporation"/>
    <property name="java.vm.version" value="21.0.1+12-29"/>
    <property name="sun.io.unicode.encoding" value="UnicodeBig"/>
    <property name="socksNonProxyHosts" value="local|*.local|169.254/16|*.169.254/16"/>
    <property name="java.class.version" value="65.0"/>
  </properties>
  <testcase name="testOneGame" classname="uta.cse3310.IntegrationTest" time="0"/>
  <testcase name="testTwoGames" classname="uta.cse3310.IntegrationTest" time="0"/>
</testsuite>