<?xml version="1.0" encoding="UTF-8"?>
<testsuite xmlns:xsi="http://www.w3.org/2001/XMLSchema-instance" xsi:noNamespaceSchemaLocation="https://maven.apache.org/surefire/maven-surefire-plugin/xsd/surefire-test-report.xsd" name="uta.cse3310.GameTest" time="0.187" tests="11" errors="0" skipped="0" failures="0">
  <properties>
    <property name="awt.toolkit" value="sun.awt.X11.XToolkit"/>
    <property name="java.specification.version" value="11"/>
    <property name="sun.cpu.isalist" value=""/>
    <property name="sun.jnu.encoding" value="UTF-8"/>
    <property name="java.class.path" value="/mnt/c/Users/every/Documents/GitHub/cse3310_sp24_group_9/target/test-classes:/mnt/c/Users/every/Documents/GitHub/cse3310_sp24_group_9/target/classes:/home/louis/.m2/repository/junit/junit/3.8.1/junit-3.8.1.jar:/home/louis/.m2/repository/com/google/code/gson/gson/2.9.1/gson-2.9.1.jar:/home/louis/.m2/repository/net/freeutils/jlhttp/2.6/jlhttp-2.6.jar:/home/louis/.m2/repository/org/java-websocket/Java-WebSocket/1.5.4/Java-WebSocket-1.5.4.jar:/home/louis/.m2/repository/org/slf4j/slf4j-api/2.0.6/slf4j-api-2.0.6.jar:"/>
    <property name="java.vm.vendor" value="Ubuntu"/>
    <property name="sun.arch.data.model" value="64"/>
    <property name="java.vendor.url" value="https://ubuntu.com/"/>
    <property name="user.timezone" value=""/>
    <property name="java.vm.specification.version" value="11"/>
    <property name="os.name" value="Linux"/>
    <property name="sun.java.launcher" value="SUN_STANDARD"/>
    <property name="sun.boot.library.path" value="/usr/lib/jvm/java-11-openjdk-amd64/lib"/>
    <property name="sun.java.command" value="/mnt/c/Users/every/Documents/GitHub/cse3310_sp24_group_9/target/surefire/surefirebooter1665715101588291695.jar /mnt/c/Users/every/Documents/GitHub/cse3310_sp24_group_9/target/surefire 2024-04-21T21-16-35_266-jvmRun1 surefire9455665887806790532tmp surefire_04482919769220711717tmp"/>
    <property name="jdk.debug" value="release"/>
    <property name="surefire.test.class.path" value="/mnt/c/Users/every/Documents/GitHub/cse3310_sp24_group_9/target/test-classes:/mnt/c/Users/every/Documents/GitHub/cse3310_sp24_group_9/target/classes:/home/louis/.m2/repository/junit/junit/3.8.1/junit-3.8.1.jar:/home/louis/.m2/repository/com/google/code/gson/gson/2.9.1/gson-2.9.1.jar:/home/louis/.m2/repository/net/freeutils/jlhttp/2.6/jlhttp-2.6.jar:/home/louis/.m2/repository/org/java-websocket/Java-WebSocket/1.5.4/Java-WebSocket-1.5.4.jar:/home/louis/.m2/repository/org/slf4j/slf4j-api/2.0.6/slf4j-api-2.0.6.jar:"/>
    <property name="sun.cpu.endian" value="little"/>
    <property name="user.home" value="/home/louis"/>
    <property name="user.language" value="en"/>
    <property name="java.specification.vendor" value="Oracle Corporation"/>
    <property name="java.version.date" value="2023-10-17"/>
    <property name="java.home" value="/usr/lib/jvm/java-11-openjdk-amd64"/>
    <property name="file.separator" value="/"/>
    <property name="basedir" value="/mnt/c/Users/every/Documents/GitHub/cse3310_sp24_group_9"/>
    <property name="java.vm.compressedOopsMode" value="Zero based"/>
    <property name="line.separator" value="&#10;"/>
    <property name="java.specification.name" value="Java Platform API Specification"/>
    <property name="java.vm.specification.vendor" value="Oracle Corporation"/>
    <property name="java.awt.graphicsenv" value="sun.awt.X11GraphicsEnvironment"/>
    <property name="surefire.real.class.path" value="/mnt/c/Users/every/Documents/GitHub/cse3310_sp24_group_9/target/surefire/surefirebooter1665715101588291695.jar"/>
    <property name="sun.management.compiler" value="HotSpot 64-Bit Tiered Compilers"/>
    <property name="java.runtime.version" value="11.0.21+9-post-Ubuntu-0ubuntu122.04"/>
    <property name="user.name" value="louis"/>
    <property name="path.separator" value=":"/>
    <property name="os.version" value="4.4.0-19041-Microsoft"/>
    <property name="java.runtime.name" value="OpenJDK Runtime Environment"/>
    <property name="file.encoding" value="UTF-8"/>
    <property name="java.vm.name" value="OpenJDK 64-Bit Server VM"/>
    <property name="localRepository" value="/home/louis/.m2/repository"/>
    <property name="java.vendor.url.bug" value="https://bugs.launchpad.net/ubuntu/+source/openjdk-lts"/>
    <property name="java.io.tmpdir" value="/tmp"/>
    <property name="java.version" value="11.0.21"/>
    <property name="user.dir" value="/mnt/c/Users/every/Documents/GitHub/cse3310_sp24_group_9"/>
    <property name="os.arch" value="amd64"/>
    <property name="java.vm.specification.name" value="Java Virtual Machine Specification"/>
    <property name="java.awt.printerjob" value="sun.print.PSPrinterJob"/>
    <property name="sun.os.patch.level" value="unknown"/>
    <property name="java.library.path" value="/usr/java/packages/lib:/usr/lib/x86_64-linux-gnu/jni:/lib/x86_64-linux-gnu:/usr/lib/x86_64-linux-gnu:/usr/lib/jni:/lib:/usr/lib"/>
    <property name="java.vm.info" value="mixed mode, sharing"/>
    <property name="java.vendor" value="Ubuntu"/>
    <property name="java.vm.version" value="11.0.21+9-post-Ubuntu-0ubuntu122.04"/>
    <property name="java.specification.maintenance.version" value="2"/>
    <property name="sun.io.unicode.encoding" value="UnicodeLittle"/>
    <property name="java.class.version" value="55.0"/>
  </properties>
  <testcase name="uta.cse3310.GameTest.testAddUser" classname="uta.cse3310.GameTest" time="0"/>
  <testcase name="uta.cse3310.GameTest.testGenerateRandomUniqueColor" classname="uta.cse3310.GameTest" time="0"/>
  <testcase name="uta.cse3310.GameTest.testUpdateScoreboard" classname="uta.cse3310.GameTest" time="0.033"/>
  <testcase name="uta.cse3310.GameTest.testGameEnd" classname="uta.cse3310.GameTest" time="0.021"/>
  <testcase name="uta.cse3310.GameTest.testHintWordGrid" classname="uta.cse3310.GameTest" time="0.023"/>
  <testcase name="uta.cse3310.GameTest.testCreateGameConfirmButton" classname="uta.cse3310.GameTest" time="0.066"/>
  <testcase name="uta.cse3310.GameTest.testGameStart" classname="uta.cse3310.GameTest" time="0.014"/>
  <testcase name="uta.cse3310.GameTest.testDisplayPlayerInfo" classname="uta.cse3310.GameTest" time="0.006"/>
  <testcase name="uta.cse3310.GameTest.testGameChat" classname="uta.cse3310.GameTest" time="0.001"/>
  <testcase name="uta.cse3310.GameTest.testDisplayScoreboard" classname="uta.cse3310.GameTest" time="0.007"/>
  <testcase name="uta.cse3310.GameTest.testGameWaiting" classname="uta.cse3310.GameTest" time="0.013"/>
</testsuite>